{
  "C:\\MyProjects\\llm-copilot\\packages\\jsonrpc-ipc-client\\tsup.config.ts": {
    "path": "C:\\MyProjects\\llm-copilot\\packages\\jsonrpc-ipc-client\\tsup.config.ts",
    "all": true,
    "statementMap": {
      "0": { "start": { "line": 1, "column": 0 }, "end": { "line": 1, "column": 36 } },
      "2": { "start": { "line": 3, "column": 0 }, "end": { "line": 3, "column": 29 } },
      "3": { "start": { "line": 4, "column": 0 }, "end": { "line": 4, "column": 26 } },
      "4": { "start": { "line": 5, "column": 0 }, "end": { "line": 5, "column": 25 } },
      "5": { "start": { "line": 6, "column": 0 }, "end": { "line": 6, "column": 12 } },
      "6": { "start": { "line": 7, "column": 0 }, "end": { "line": 7, "column": 19 } },
      "7": { "start": { "line": 8, "column": 0 }, "end": { "line": 8, "column": 18 } },
      "8": { "start": { "line": 9, "column": 0 }, "end": { "line": 9, "column": 14 } },
      "9": { "start": { "line": 10, "column": 0 }, "end": { "line": 10, "column": 18 } },
      "10": { "start": { "line": 11, "column": 0 }, "end": { "line": 11, "column": 16 } },
      "11": { "start": { "line": 12, "column": 0 }, "end": { "line": 12, "column": 19 } },
      "12": { "start": { "line": 13, "column": 0 }, "end": { "line": 13, "column": 17 } },
      "13": { "start": { "line": 14, "column": 0 }, "end": { "line": 14, "column": 3 } }
    },
    "s": {
      "0": 0,
      "2": 0,
      "3": 0,
      "4": 0,
      "5": 0,
      "6": 0,
      "7": 0,
      "8": 0,
      "9": 0,
      "10": 0,
      "11": 0,
      "12": 0,
      "13": 0
    },
    "branchMap": {
      "0": {
        "type": "branch",
        "line": 1,
        "loc": { "start": { "line": 1, "column": 0 }, "end": { "line": 14, "column": -95 } },
        "locations": [{ "start": { "line": 1, "column": 0 }, "end": { "line": 14, "column": -95 } }]
      }
    },
    "b": { "0": [0] },
    "fnMap": {
      "0": {
        "name": "(empty-report)",
        "decl": { "start": { "line": 1, "column": 0 }, "end": { "line": 14, "column": -95 } },
        "loc": { "start": { "line": 1, "column": 0 }, "end": { "line": 14, "column": -95 } },
        "line": 1
      }
    },
    "f": { "0": 0 }
  },
  "C:\\MyProjects\\llm-copilot\\packages\\jsonrpc-ipc-client\\vitest.config.ts": {
    "path": "C:\\MyProjects\\llm-copilot\\packages\\jsonrpc-ipc-client\\vitest.config.ts",
    "all": true,
    "statementMap": {
      "0": { "start": { "line": 1, "column": 0 }, "end": { "line": 1, "column": 45 } },
      "2": { "start": { "line": 3, "column": 0 }, "end": { "line": 3, "column": 29 } },
      "3": { "start": { "line": 4, "column": 0 }, "end": { "line": 4, "column": 9 } },
      "4": { "start": { "line": 5, "column": 0 }, "end": { "line": 5, "column": 18 } },
      "5": { "start": { "line": 6, "column": 0 }, "end": { "line": 6, "column": 24 } },
      "6": { "start": { "line": 7, "column": 0 }, "end": { "line": 7, "column": 15 } },
      "7": { "start": { "line": 8, "column": 0 }, "end": { "line": 8, "column": 21 } },
      "8": { "start": { "line": 9, "column": 0 }, "end": { "line": 9, "column": 41 } },
      "9": { "start": { "line": 10, "column": 0 }, "end": { "line": 10, "column": 52 } },
      "10": { "start": { "line": 11, "column": 0 }, "end": { "line": 11, "column": 6 } },
      "11": { "start": { "line": 12, "column": 0 }, "end": { "line": 12, "column": 4 } },
      "12": { "start": { "line": 13, "column": 0 }, "end": { "line": 13, "column": 3 } }
    },
    "s": {
      "0": 0,
      "2": 0,
      "3": 0,
      "4": 0,
      "5": 0,
      "6": 0,
      "7": 0,
      "8": 0,
      "9": 0,
      "10": 0,
      "11": 0,
      "12": 0
    },
    "branchMap": {
      "0": {
        "type": "branch",
        "line": 1,
        "loc": { "start": { "line": 1, "column": 0 }, "end": { "line": 13, "column": -91 } },
        "locations": [{ "start": { "line": 1, "column": 0 }, "end": { "line": 13, "column": -91 } }]
      }
    },
    "b": { "0": [0] },
    "fnMap": {
      "0": {
        "name": "(empty-report)",
        "decl": { "start": { "line": 1, "column": 0 }, "end": { "line": 13, "column": -91 } },
        "loc": { "start": { "line": 1, "column": 0 }, "end": { "line": 13, "column": -91 } },
        "line": 1
      }
    },
    "f": { "0": 0 }
  },
  "C:\\MyProjects\\llm-copilot\\packages\\jsonrpc-ipc-client\\src\\client.ts": {
    "path": "C:\\MyProjects\\llm-copilot\\packages\\jsonrpc-ipc-client\\src\\client.ts",
    "all": false,
    "statementMap": {
      "0": { "start": { "line": 1, "column": 0 }, "end": { "line": 1, "column": 43 } },
      "21": { "start": { "line": 22, "column": 0 }, "end": { "line": 22, "column": 66 } },
      "22": { "start": { "line": 23, "column": 0 }, "end": { "line": 23, "column": 15 } },
      "23": { "start": { "line": 24, "column": 0 }, "end": { "line": 24, "column": 17 } },
      "25": { "start": { "line": 26, "column": 0 }, "end": { "line": 26, "column": 37 } },
      "26": { "start": { "line": 27, "column": 0 }, "end": { "line": 27, "column": 25 } },
      "27": { "start": { "line": 28, "column": 0 }, "end": { "line": 28, "column": 31 } },
      "28": { "start": { "line": 29, "column": 0 }, "end": { "line": 29, "column": 27 } },
      "29": { "start": { "line": 30, "column": 0 }, "end": { "line": 30, "column": 27 } },
      "32": { "start": { "line": 33, "column": 0 }, "end": { "line": 33, "column": 34 } },
      "33": { "start": { "line": 34, "column": 0 }, "end": { "line": 34, "column": 50 } },
      "34": { "start": { "line": 35, "column": 0 }, "end": { "line": 35, "column": 5 } },
      "35": { "start": { "line": 36, "column": 0 }, "end": { "line": 36, "column": 3 } },
      "36": { "start": { "line": 37, "column": 0 }, "end": { "line": 37, "column": 1 } },
      "41": { "start": { "line": 42, "column": 0 }, "end": { "line": 42, "column": 84 } },
      "42": { "start": { "line": 43, "column": 0 }, "end": { "line": 43, "column": 59 } },
      "43": { "start": { "line": 44, "column": 0 }, "end": { "line": 44, "column": 1 } },
      "48": { "start": { "line": 49, "column": 0 }, "end": { "line": 49, "column": 81 } },
      "49": { "start": { "line": 50, "column": 0 }, "end": { "line": 50, "column": 54 } },
      "50": { "start": { "line": 51, "column": 0 }, "end": { "line": 51, "column": 1 } },
      "55": { "start": { "line": 56, "column": 0 }, "end": { "line": 56, "column": 82 } },
      "56": { "start": { "line": 57, "column": 0 }, "end": { "line": 57, "column": 51 } },
      "57": { "start": { "line": 58, "column": 0 }, "end": { "line": 58, "column": 1 } },
      "81": { "start": { "line": 82, "column": 0 }, "end": { "line": 82, "column": 63 } },
      "82": { "start": { "line": 83, "column": 0 }, "end": { "line": 83, "column": 41 } },
      "83": { "start": { "line": 84, "column": 0 }, "end": { "line": 84, "column": 43 } },
      "84": { "start": { "line": 85, "column": 0 }, "end": { "line": 85, "column": 54 } },
      "85": { "start": { "line": 86, "column": 0 }, "end": { "line": 86, "column": 24 } },
      "86": { "start": { "line": 87, "column": 0 }, "end": { "line": 87, "column": 71 } },
      "87": { "start": { "line": 88, "column": 0 }, "end": { "line": 88, "column": 22 } },
      "88": { "start": { "line": 89, "column": 0 }, "end": { "line": 89, "column": 32 } },
      "90": { "start": { "line": 91, "column": 0 }, "end": { "line": 91, "column": 37 } },
      "91": { "start": { "line": 92, "column": 0 }, "end": { "line": 92, "column": 12 } },
      "92": { "start": { "line": 93, "column": 0 }, "end": { "line": 93, "column": 19 } },
      "93": { "start": { "line": 94, "column": 0 }, "end": { "line": 94, "column": 36 } },
      "94": { "start": { "line": 95, "column": 0 }, "end": { "line": 95, "column": 59 } },
      "95": { "start": { "line": 96, "column": 0 }, "end": { "line": 96, "column": 53 } },
      "96": { "start": { "line": 97, "column": 0 }, "end": { "line": 97, "column": 35 } },
      "97": { "start": { "line": 98, "column": 0 }, "end": { "line": 98, "column": 51 } },
      "98": { "start": { "line": 99, "column": 0 }, "end": { "line": 99, "column": 61 } },
      "99": { "start": { "line": 100, "column": 0 }, "end": { "line": 100, "column": 52 } },
      "100": { "start": { "line": 101, "column": 0 }, "end": { "line": 101, "column": 6 } },
      "101": { "start": { "line": 102, "column": 0 }, "end": { "line": 102, "column": 3 } },
      "106": { "start": { "line": 107, "column": 0 }, "end": { "line": 107, "column": 34 } },
      "107": { "start": { "line": 108, "column": 0 }, "end": { "line": 108, "column": 41 } },
      "108": { "start": { "line": 109, "column": 0 }, "end": { "line": 109, "column": 36 } },
      "109": { "start": { "line": 110, "column": 0 }, "end": { "line": 110, "column": 13 } },
      "110": { "start": { "line": 111, "column": 0 }, "end": { "line": 111, "column": 5 } },
      "112": { "start": { "line": 113, "column": 0 }, "end": { "line": 113, "column": 42 } },
      "113": { "start": { "line": 114, "column": 0 }, "end": { "line": 114, "column": 56 } },
      "114": { "start": { "line": 115, "column": 0 }, "end": { "line": 115, "column": 5 } },
      "116": { "start": { "line": 117, "column": 0 }, "end": { "line": 117, "column": 34 } },
      "117": { "start": { "line": 118, "column": 0 }, "end": { "line": 118, "column": 54 } },
      "119": { "start": { "line": 120, "column": 0 }, "end": { "line": 120, "column": 45 } },
      "120": { "start": { "line": 121, "column": 0 }, "end": { "line": 121, "column": 38 } },
      "121": { "start": { "line": 122, "column": 0 }, "end": { "line": 122, "column": 27 } },
      "123": { "start": { "line": 124, "column": 0 }, "end": { "line": 124, "column": 40 } },
      "124": { "start": { "line": 125, "column": 0 }, "end": { "line": 125, "column": 25 } },
      "125": { "start": { "line": 126, "column": 0 }, "end": { "line": 126, "column": 89 } },
      "126": { "start": { "line": 127, "column": 0 }, "end": { "line": 127, "column": 40 } },
      "128": { "start": { "line": 129, "column": 0 }, "end": { "line": 129, "column": 34 } },
      "129": { "start": { "line": 130, "column": 0 }, "end": { "line": 130, "column": 30 } },
      "130": { "start": { "line": 131, "column": 0 }, "end": { "line": 131, "column": 37 } },
      "131": { "start": { "line": 132, "column": 0 }, "end": { "line": 132, "column": 35 } },
      "132": { "start": { "line": 133, "column": 0 }, "end": { "line": 133, "column": 30 } },
      "133": { "start": { "line": 134, "column": 0 }, "end": { "line": 134, "column": 31 } },
      "134": { "start": { "line": 135, "column": 0 }, "end": { "line": 135, "column": 18 } },
      "135": { "start": { "line": 136, "column": 0 }, "end": { "line": 136, "column": 9 } },
      "137": { "start": { "line": 138, "column": 0 }, "end": { "line": 138, "column": 35 } },
      "138": { "start": { "line": 139, "column": 0 }, "end": { "line": 139, "column": 30 } },
      "139": { "start": { "line": 140, "column": 0 }, "end": { "line": 140, "column": 9 } },
      "141": { "start": { "line": 142, "column": 0 }, "end": { "line": 142, "column": 30 } },
      "142": { "start": { "line": 143, "column": 0 }, "end": { "line": 143, "column": 37 } },
      "143": { "start": { "line": 144, "column": 0 }, "end": { "line": 144, "column": 32 } },
      "144": { "start": { "line": 145, "column": 0 }, "end": { "line": 145, "column": 9 } },
      "146": { "start": { "line": 147, "column": 0 }, "end": { "line": 147, "column": 37 } },
      "147": { "start": { "line": 148, "column": 0 }, "end": { "line": 148, "column": 30 } },
      "148": { "start": { "line": 149, "column": 0 }, "end": { "line": 149, "column": 49 } },
      "149": { "start": { "line": 150, "column": 0 }, "end": { "line": 150, "column": 34 } },
      "151": { "start": { "line": 152, "column": 0 }, "end": { "line": 152, "column": 46 } },
      "152": { "start": { "line": 153, "column": 0 }, "end": { "line": 153, "column": 24 } },
      "153": { "start": { "line": 154, "column": 0 }, "end": { "line": 154, "column": 16 } },
      "154": { "start": { "line": 155, "column": 0 }, "end": { "line": 155, "column": 34 } },
      "155": { "start": { "line": 156, "column": 0 }, "end": { "line": 156, "column": 9 } },
      "156": { "start": { "line": 157, "column": 0 }, "end": { "line": 157, "column": 9 } },
      "158": { "start": { "line": 159, "column": 0 }, "end": { "line": 159, "column": 32 } },
      "159": { "start": { "line": 160, "column": 0 }, "end": { "line": 160, "column": 34 } },
      "160": { "start": { "line": 161, "column": 0 }, "end": { "line": 161, "column": 32 } },
      "161": { "start": { "line": 162, "column": 0 }, "end": { "line": 162, "column": 9 } },
      "164": { "start": { "line": 165, "column": 0 }, "end": { "line": 165, "column": 74 } },
      "165": { "start": { "line": 166, "column": 0 }, "end": { "line": 166, "column": 33 } },
      "166": { "start": { "line": 167, "column": 0 }, "end": { "line": 167, "column": 7 } },
      "167": { "start": { "line": 168, "column": 0 }, "end": { "line": 168, "column": 3 } },
      "172": { "start": { "line": 173, "column": 0 }, "end": { "line": 173, "column": 37 } },
      "173": { "start": { "line": 174, "column": 0 }, "end": { "line": 174, "column": 75 } },
      "174": { "start": { "line": 175, "column": 0 }, "end": { "line": 175, "column": 13 } },
      "175": { "start": { "line": 176, "column": 0 }, "end": { "line": 176, "column": 5 } },
      "177": { "start": { "line": 178, "column": 0 }, "end": { "line": 178, "column": 30 } },
      "178": { "start": { "line": 179, "column": 0 }, "end": { "line": 179, "column": 30 } },
      "181": { "start": { "line": 182, "column": 0 }, "end": { "line": 182, "column": 65 } },
      "182": { "start": { "line": 183, "column": 0 }, "end": { "line": 183, "column": 36 } },
      "183": { "start": { "line": 184, "column": 0 }, "end": { "line": 184, "column": 55 } },
      "184": { "start": { "line": 185, "column": 0 }, "end": { "line": 185, "column": 38 } },
      "185": { "start": { "line": 186, "column": 0 }, "end": { "line": 186, "column": 5 } },
      "187": { "start": { "line": 188, "column": 0 }, "end": { "line": 188, "column": 22 } },
      "188": { "start": { "line": 189, "column": 0 }, "end": { "line": 189, "column": 28 } },
      "189": { "start": { "line": 190, "column": 0 }, "end": { "line": 190, "column": 25 } },
      "190": { "start": { "line": 191, "column": 0 }, "end": { "line": 191, "column": 5 } },
      "192": { "start": { "line": 193, "column": 0 }, "end": { "line": 193, "column": 30 } },
      "193": { "start": { "line": 194, "column": 0 }, "end": { "line": 194, "column": 3 } },
      "198": { "start": { "line": 199, "column": 0 }, "end": { "line": 199, "column": 88 } },
      "199": { "start": { "line": 200, "column": 0 }, "end": { "line": 200, "column": 41 } },
      "200": { "start": { "line": 201, "column": 0 }, "end": { "line": 201, "column": 39 } },
      "201": { "start": { "line": 202, "column": 0 }, "end": { "line": 202, "column": 5 } },
      "203": { "start": { "line": 204, "column": 0 }, "end": { "line": 204, "column": 32 } },
      "204": { "start": { "line": 205, "column": 0 }, "end": { "line": 205, "column": 37 } },
      "205": { "start": { "line": 206, "column": 0 }, "end": { "line": 206, "column": 21 } },
      "206": { "start": { "line": 207, "column": 0 }, "end": { "line": 207, "column": 13 } },
      "207": { "start": { "line": 208, "column": 0 }, "end": { "line": 208, "column": 13 } },
      "208": { "start": { "line": 209, "column": 0 }, "end": { "line": 209, "column": 9 } },
      "209": { "start": { "line": 210, "column": 0 }, "end": { "line": 210, "column": 6 } },
      "211": { "start": { "line": 212, "column": 0 }, "end": { "line": 212, "column": 45 } },
      "212": { "start": { "line": 213, "column": 0 }, "end": { "line": 213, "column": 40 } },
      "213": { "start": { "line": 214, "column": 0 }, "end": { "line": 214, "column": 40 } },
      "214": { "start": { "line": 215, "column": 0 }, "end": { "line": 215, "column": 83 } },
      "215": { "start": { "line": 216, "column": 0 }, "end": { "line": 216, "column": 37 } },
      "217": { "start": { "line": 218, "column": 0 }, "end": { "line": 218, "column": 36 } },
      "218": { "start": { "line": 219, "column": 0 }, "end": { "line": 219, "column": 54 } },
      "219": { "start": { "line": 220, "column": 0 }, "end": { "line": 220, "column": 15 } },
      "220": { "start": { "line": 221, "column": 0 }, "end": { "line": 221, "column": 16 } },
      "221": { "start": { "line": 222, "column": 0 }, "end": { "line": 222, "column": 9 } },
      "223": { "start": { "line": 224, "column": 0 }, "end": { "line": 224, "column": 25 } },
      "224": { "start": { "line": 225, "column": 0 }, "end": { "line": 225, "column": 27 } },
      "225": { "start": { "line": 226, "column": 0 }, "end": { "line": 226, "column": 3 } },
      "230": { "start": { "line": 231, "column": 0 }, "end": { "line": 231, "column": 50 } },
      "231": { "start": { "line": 232, "column": 0 }, "end": { "line": 232, "column": 41 } },
      "232": { "start": { "line": 233, "column": 0 }, "end": { "line": 233, "column": 39 } },
      "233": { "start": { "line": 234, "column": 0 }, "end": { "line": 234, "column": 5 } },
      "235": { "start": { "line": 236, "column": 0 }, "end": { "line": 236, "column": 47 } },
      "236": { "start": { "line": 237, "column": 0 }, "end": { "line": 237, "column": 21 } },
      "237": { "start": { "line": 238, "column": 0 }, "end": { "line": 238, "column": 13 } },
      "238": { "start": { "line": 239, "column": 0 }, "end": { "line": 239, "column": 13 } },
      "239": { "start": { "line": 240, "column": 0 }, "end": { "line": 240, "column": 6 } },
      "241": { "start": { "line": 242, "column": 0 }, "end": { "line": 242, "column": 28 } },
      "242": { "start": { "line": 243, "column": 0 }, "end": { "line": 243, "column": 3 } },
      "247": { "start": { "line": 248, "column": 0 }, "end": { "line": 248, "column": 31 } },
      "248": { "start": { "line": 249, "column": 0 }, "end": { "line": 249, "column": 22 } },
      "249": { "start": { "line": 250, "column": 0 }, "end": { "line": 250, "column": 3 } },
      "254": { "start": { "line": 255, "column": 0 }, "end": { "line": 255, "column": 26 } },
      "255": { "start": { "line": 256, "column": 0 }, "end": { "line": 256, "column": 42 } },
      "256": { "start": { "line": 257, "column": 0 }, "end": { "line": 257, "column": 3 } },
      "262": { "start": { "line": 263, "column": 0 }, "end": { "line": 263, "column": 53 } },
      "263": { "start": { "line": 264, "column": 0 }, "end": { "line": 264, "column": 36 } },
      "265": { "start": { "line": 266, "column": 0 }, "end": { "line": 266, "column": 81 } },
      "266": { "start": { "line": 267, "column": 0 }, "end": { "line": 267, "column": 20 } },
      "267": { "start": { "line": 268, "column": 0 }, "end": { "line": 268, "column": 7 } },
      "268": { "start": { "line": 269, "column": 0 }, "end": { "line": 269, "column": 36 } },
      "269": { "start": { "line": 270, "column": 0 }, "end": { "line": 270, "column": 5 } },
      "270": { "start": { "line": 271, "column": 0 }, "end": { "line": 271, "column": 16 } },
      "271": { "start": { "line": 272, "column": 0 }, "end": { "line": 272, "column": 3 } },
      "277": { "start": { "line": 278, "column": 0 }, "end": { "line": 278, "column": 47 } },
      "278": { "start": { "line": 279, "column": 0 }, "end": { "line": 279, "column": 23 } },
      "279": { "start": { "line": 280, "column": 0 }, "end": { "line": 280, "column": 48 } },
      "280": { "start": { "line": 281, "column": 0 }, "end": { "line": 281, "column": 5 } },
      "282": { "start": { "line": 283, "column": 0 }, "end": { "line": 283, "column": 41 } },
      "283": { "start": { "line": 284, "column": 0 }, "end": { "line": 284, "column": 31 } },
      "284": { "start": { "line": 285, "column": 0 }, "end": { "line": 285, "column": 35 } },
      "285": { "start": { "line": 286, "column": 0 }, "end": { "line": 286, "column": 3 } },
      "291": { "start": { "line": 292, "column": 0 }, "end": { "line": 292, "column": 42 } },
      "292": { "start": { "line": 293, "column": 0 }, "end": { "line": 293, "column": 35 } },
      "295": { "start": { "line": 296, "column": 0 }, "end": { "line": 296, "column": 29 } },
      "296": { "start": { "line": 297, "column": 0 }, "end": { "line": 297, "column": 63 } },
      "297": { "start": { "line": 298, "column": 0 }, "end": { "line": 298, "column": 61 } },
      "298": { "start": { "line": 299, "column": 0 }, "end": { "line": 299, "column": 56 } },
      "300": { "start": { "line": 301, "column": 0 }, "end": { "line": 301, "column": 38 } },
      "302": { "start": { "line": 303, "column": 0 }, "end": { "line": 303, "column": 11 } },
      "303": { "start": { "line": 304, "column": 0 }, "end": { "line": 304, "column": 59 } },
      "304": { "start": { "line": 305, "column": 0 }, "end": { "line": 305, "column": 36 } },
      "305": { "start": { "line": 306, "column": 0 }, "end": { "line": 306, "column": 23 } },
      "306": { "start": { "line": 307, "column": 0 }, "end": { "line": 307, "column": 58 } },
      "307": { "start": { "line": 308, "column": 0 }, "end": { "line": 308, "column": 86 } },
      "308": { "start": { "line": 309, "column": 0 }, "end": { "line": 309, "column": 7 } },
      "309": { "start": { "line": 310, "column": 0 }, "end": { "line": 310, "column": 5 } },
      "310": { "start": { "line": 311, "column": 0 }, "end": { "line": 311, "column": 3 } },
      "316": { "start": { "line": 317, "column": 0 }, "end": { "line": 317, "column": 56 } },
      "317": { "start": { "line": 318, "column": 0 }, "end": { "line": 318, "column": 51 } },
      "320": { "start": { "line": 321, "column": 0 }, "end": { "line": 321, "column": 35 } },
      "321": { "start": { "line": 322, "column": 0 }, "end": { "line": 322, "column": 59 } },
      "322": { "start": { "line": 323, "column": 0 }, "end": { "line": 323, "column": 20 } },
      "323": { "start": { "line": 324, "column": 0 }, "end": { "line": 324, "column": 38 } },
      "324": { "start": { "line": 325, "column": 0 }, "end": { "line": 325, "column": 48 } },
      "325": { "start": { "line": 326, "column": 0 }, "end": { "line": 326, "column": 54 } },
      "326": { "start": { "line": 327, "column": 0 }, "end": { "line": 327, "column": 30 } },
      "327": { "start": { "line": 328, "column": 0 }, "end": { "line": 328, "column": 7 } },
      "328": { "start": { "line": 329, "column": 0 }, "end": { "line": 329, "column": 13 } },
      "329": { "start": { "line": 330, "column": 0 }, "end": { "line": 330, "column": 5 } },
      "332": { "start": { "line": 333, "column": 0 }, "end": { "line": 333, "column": 37 } },
      "333": { "start": { "line": 334, "column": 0 }, "end": { "line": 334, "column": 59 } },
      "334": { "start": { "line": 335, "column": 0 }, "end": { "line": 335, "column": 20 } },
      "335": { "start": { "line": 336, "column": 0 }, "end": { "line": 336, "column": 38 } },
      "336": { "start": { "line": 337, "column": 0 }, "end": { "line": 337, "column": 48 } },
      "337": { "start": { "line": 338, "column": 0 }, "end": { "line": 338, "column": 40 } },
      "338": { "start": { "line": 339, "column": 0 }, "end": { "line": 339, "column": 7 } },
      "339": { "start": { "line": 340, "column": 0 }, "end": { "line": 340, "column": 13 } },
      "340": { "start": { "line": 341, "column": 0 }, "end": { "line": 341, "column": 5 } },
      "343": { "start": { "line": 344, "column": 0 }, "end": { "line": 344, "column": 34 } },
      "344": { "start": { "line": 345, "column": 0 }, "end": { "line": 345, "column": 64 } },
      "345": { "start": { "line": 346, "column": 0 }, "end": { "line": 346, "column": 13 } },
      "346": { "start": { "line": 347, "column": 0 }, "end": { "line": 347, "column": 5 } },
      "349": { "start": { "line": 350, "column": 0 }, "end": { "line": 350, "column": 47 } },
      "350": { "start": { "line": 351, "column": 0 }, "end": { "line": 351, "column": 3 } },
      "356": { "start": { "line": 357, "column": 0 }, "end": { "line": 357, "column": 36 } },
      "357": { "start": { "line": 358, "column": 0 }, "end": { "line": 358, "column": 38 } },
      "358": { "start": { "line": 359, "column": 0 }, "end": { "line": 359, "column": 13 } },
      "359": { "start": { "line": 360, "column": 0 }, "end": { "line": 360, "column": 5 } },
      "361": { "start": { "line": 362, "column": 0 }, "end": { "line": 362, "column": 56 } },
      "362": { "start": { "line": 363, "column": 0 }, "end": { "line": 363, "column": 36 } },
      "365": { "start": { "line": 366, "column": 0 }, "end": { "line": 366, "column": 65 } },
      "366": { "start": { "line": 367, "column": 0 }, "end": { "line": 367, "column": 36 } },
      "367": { "start": { "line": 368, "column": 0 }, "end": { "line": 368, "column": 51 } },
      "368": { "start": { "line": 369, "column": 0 }, "end": { "line": 369, "column": 38 } },
      "369": { "start": { "line": 370, "column": 0 }, "end": { "line": 370, "column": 5 } },
      "371": { "start": { "line": 372, "column": 0 }, "end": { "line": 372, "column": 23 } },
      "372": { "start": { "line": 373, "column": 0 }, "end": { "line": 373, "column": 32 } },
      "375": { "start": { "line": 376, "column": 0 }, "end": { "line": 376, "column": 10 } },
      "376": { "start": { "line": 377, "column": 0 }, "end": { "line": 377, "column": 36 } },
      "377": { "start": { "line": 378, "column": 0 }, "end": { "line": 378, "column": 65 } },
      "378": { "start": { "line": 379, "column": 0 }, "end": { "line": 379, "column": 9 } },
      "379": { "start": { "line": 380, "column": 0 }, "end": { "line": 380, "column": 33 } },
      "380": { "start": { "line": 381, "column": 0 }, "end": { "line": 381, "column": 40 } },
      "381": { "start": { "line": 382, "column": 0 }, "end": { "line": 382, "column": 69 } },
      "382": { "start": { "line": 383, "column": 0 }, "end": { "line": 383, "column": 58 } },
      "384": { "start": { "line": 385, "column": 0 }, "end": { "line": 385, "column": 26 } },
      "385": { "start": { "line": 386, "column": 0 }, "end": { "line": 386, "column": 43 } },
      "386": { "start": { "line": 387, "column": 0 }, "end": { "line": 387, "column": 60 } },
      "387": { "start": { "line": 388, "column": 0 }, "end": { "line": 388, "column": 13 } },
      "388": { "start": { "line": 389, "column": 0 }, "end": { "line": 389, "column": 39 } },
      "389": { "start": { "line": 390, "column": 0 }, "end": { "line": 390, "column": 7 } },
      "390": { "start": { "line": 391, "column": 0 }, "end": { "line": 391, "column": 5 } },
      "391": { "start": { "line": 392, "column": 0 }, "end": { "line": 392, "column": 3 } },
      "397": { "start": { "line": 398, "column": 0 }, "end": { "line": 398, "column": 41 } },
      "398": { "start": { "line": 399, "column": 0 }, "end": { "line": 399, "column": 28 } },
      "399": { "start": { "line": 400, "column": 0 }, "end": { "line": 400, "column": 46 } },
      "400": { "start": { "line": 401, "column": 0 }, "end": { "line": 401, "column": 5 } },
      "401": { "start": { "line": 402, "column": 0 }, "end": { "line": 402, "column": 3 } },
      "402": { "start": { "line": 403, "column": 0 }, "end": { "line": 403, "column": 1 } }
    },
    "s": {
      "0": 1,
      "21": 1,
      "22": 12,
      "23": 12,
      "25": 12,
      "26": 12,
      "27": 12,
      "28": 12,
      "29": 12,
      "32": 12,
      "33": 12,
      "34": 12,
      "35": 12,
      "36": 12,
      "41": 6,
      "42": 6,
      "43": 6,
      "48": 5,
      "49": 5,
      "50": 5,
      "55": 1,
      "56": 1,
      "57": 1,
      "81": 1,
      "82": 27,
      "83": 27,
      "84": 27,
      "85": 27,
      "86": 27,
      "87": 27,
      "88": 27,
      "90": 27,
      "91": 27,
      "92": 27,
      "93": 27,
      "94": 27,
      "95": 27,
      "96": 27,
      "97": 27,
      "98": 27,
      "99": 27,
      "100": 27,
      "101": 27,
      "106": 27,
      "107": 25,
      "108": 1,
      "109": 1,
      "110": 1,
      "112": 25,
      "113": 1,
      "114": 1,
      "116": 23,
      "117": 23,
      "119": 23,
      "120": 23,
      "121": 23,
      "123": 23,
      "124": 1,
      "125": 1,
      "126": 23,
      "128": 23,
      "129": 20,
      "130": 20,
      "131": 20,
      "132": 20,
      "133": 20,
      "134": 20,
      "135": 23,
      "137": 23,
      "138": 8,
      "139": 23,
      "141": 23,
      "142": 2,
      "143": 2,
      "144": 23,
      "146": 23,
      "147": 2,
      "148": 2,
      "149": 2,
      "151": 2,
      "152": 1,
      "153": 1,
      "154": 1,
      "155": 1,
      "156": 23,
      "158": 23,
      "159": 0,
      "160": 0,
      "161": 23,
      "164": 23,
      "165": 23,
      "166": 23,
      "167": 25,
      "172": 27,
      "173": 6,
      "174": 2,
      "175": 2,
      "177": 4,
      "178": 4,
      "181": 6,
      "182": 1,
      "183": 1,
      "184": 1,
      "185": 1,
      "187": 4,
      "188": 4,
      "189": 4,
      "190": 4,
      "192": 4,
      "193": 6,
      "198": 27,
      "199": 8,
      "200": 1,
      "201": 1,
      "203": 7,
      "204": 7,
      "205": 7,
      "206": 7,
      "207": 7,
      "208": 7,
      "209": 7,
      "211": 7,
      "212": 7,
      "213": 1,
      "214": 1,
      "215": 7,
      "217": 7,
      "218": 7,
      "219": 7,
      "220": 7,
      "221": 7,
      "223": 7,
      "224": 7,
      "225": 8,
      "230": 27,
      "231": 2,
      "232": 1,
      "233": 1,
      "235": 1,
      "236": 1,
      "237": 1,
      "238": 1,
      "239": 1,
      "241": 1,
      "242": 2,
      "247": 27,
      "248": 9,
      "249": 9,
      "254": 27,
      "255": 6,
      "256": 6,
      "262": 27,
      "263": 23,
      "265": 23,
      "266": 0,
      "267": 0,
      "268": 23,
      "269": 23,
      "270": 0,
      "271": 23,
      "277": 27,
      "278": 8,
      "279": 0,
      "280": 0,
      "282": 8,
      "283": 8,
      "284": 8,
      "285": 8,
      "291": 27,
      "292": 8,
      "295": 8,
      "296": 8,
      "297": 7,
      "298": 7,
      "300": 7,
      "302": 7,
      "303": 7,
      "304": 7,
      "305": 7,
      "306": 1,
      "307": 1,
      "308": 1,
      "309": 7,
      "310": 8,
      "316": 27,
      "317": 6,
      "320": 6,
      "321": 1,
      "322": 1,
      "323": 1,
      "324": 1,
      "325": 1,
      "326": 1,
      "327": 1,
      "328": 1,
      "329": 1,
      "332": 6,
      "333": 4,
      "334": 4,
      "335": 4,
      "336": 4,
      "337": 4,
      "338": 4,
      "339": 4,
      "340": 4,
      "343": 1,
      "344": 1,
      "345": 1,
      "346": 1,
      "349": 0,
      "350": 6,
      "356": 27,
      "357": 3,
      "358": 0,
      "359": 0,
      "361": 3,
      "362": 3,
      "365": 3,
      "366": 0,
      "367": 0,
      "368": 0,
      "369": 0,
      "371": 3,
      "372": 3,
      "375": 3,
      "376": 3,
      "377": 1,
      "378": 3,
      "379": 1,
      "380": 1,
      "381": 1,
      "382": 1,
      "384": 1,
      "385": 1,
      "386": 0,
      "387": 1,
      "388": 1,
      "389": 1,
      "390": 3,
      "391": 3,
      "397": 27,
      "398": 68,
      "399": 0,
      "400": 0,
      "401": 68,
      "402": 27
    },
    "branchMap": {
      "0": {
        "type": "branch",
        "line": 22,
        "loc": { "start": { "line": 22, "column": 7 }, "end": { "line": 37, "column": 1 } },
        "locations": [{ "start": { "line": 22, "column": 7 }, "end": { "line": 37, "column": 1 } }]
      },
      "1": {
        "type": "branch",
        "line": 26,
        "loc": { "start": { "line": 26, "column": 2 }, "end": { "line": 36, "column": 3 } },
        "locations": [{ "start": { "line": 26, "column": 2 }, "end": { "line": 36, "column": 3 } }]
      },
      "2": {
        "type": "branch",
        "line": 42,
        "loc": { "start": { "line": 42, "column": 0 }, "end": { "line": 44, "column": 1 } },
        "locations": [{ "start": { "line": 42, "column": 0 }, "end": { "line": 44, "column": 1 } }]
      },
      "3": {
        "type": "branch",
        "line": 43,
        "loc": { "start": { "line": 43, "column": 20 }, "end": { "line": 43, "column": 59 } },
        "locations": [
          { "start": { "line": 43, "column": 20 }, "end": { "line": 43, "column": 59 } }
        ]
      },
      "4": {
        "type": "branch",
        "line": 49,
        "loc": { "start": { "line": 49, "column": 0 }, "end": { "line": 51, "column": 1 } },
        "locations": [{ "start": { "line": 49, "column": 0 }, "end": { "line": 51, "column": 1 } }]
      },
      "5": {
        "type": "branch",
        "line": 50,
        "loc": { "start": { "line": 50, "column": 21 }, "end": { "line": 50, "column": 54 } },
        "locations": [
          { "start": { "line": 50, "column": 21 }, "end": { "line": 50, "column": 54 } }
        ]
      },
      "6": {
        "type": "branch",
        "line": 56,
        "loc": { "start": { "line": 56, "column": 0 }, "end": { "line": 58, "column": 1 } },
        "locations": [{ "start": { "line": 56, "column": 0 }, "end": { "line": 58, "column": 1 } }]
      },
      "7": {
        "type": "branch",
        "line": 82,
        "loc": { "start": { "line": 82, "column": 7 }, "end": { "line": 403, "column": 1 } },
        "locations": [{ "start": { "line": 82, "column": 7 }, "end": { "line": 403, "column": 1 } }]
      },
      "8": {
        "type": "branch",
        "line": 91,
        "loc": { "start": { "line": 91, "column": 2 }, "end": { "line": 102, "column": 3 } },
        "locations": [{ "start": { "line": 91, "column": 2 }, "end": { "line": 102, "column": 3 } }]
      },
      "9": {
        "type": "branch",
        "line": 95,
        "loc": { "start": { "line": 95, "column": 32 }, "end": { "line": 95, "column": 59 } },
        "locations": [
          { "start": { "line": 95, "column": 32 }, "end": { "line": 95, "column": 59 } }
        ]
      },
      "10": {
        "type": "branch",
        "line": 96,
        "loc": { "start": { "line": 96, "column": 29 }, "end": { "line": 96, "column": 53 } },
        "locations": [
          { "start": { "line": 96, "column": 29 }, "end": { "line": 96, "column": 53 } }
        ]
      },
      "11": {
        "type": "branch",
        "line": 97,
        "loc": { "start": { "line": 97, "column": 20 }, "end": { "line": 97, "column": 35 } },
        "locations": [
          { "start": { "line": 97, "column": 20 }, "end": { "line": 97, "column": 35 } }
        ]
      },
      "12": {
        "type": "branch",
        "line": 98,
        "loc": { "start": { "line": 98, "column": 28 }, "end": { "line": 98, "column": 51 } },
        "locations": [
          { "start": { "line": 98, "column": 28 }, "end": { "line": 98, "column": 51 } }
        ]
      },
      "13": {
        "type": "branch",
        "line": 99,
        "loc": { "start": { "line": 99, "column": 35 }, "end": { "line": 99, "column": 61 } },
        "locations": [
          { "start": { "line": 99, "column": 35 }, "end": { "line": 99, "column": 61 } }
        ]
      },
      "14": {
        "type": "branch",
        "line": 100,
        "loc": { "start": { "line": 100, "column": 29 }, "end": { "line": 100, "column": 52 } },
        "locations": [
          { "start": { "line": 100, "column": 29 }, "end": { "line": 100, "column": 52 } }
        ]
      },
      "15": {
        "type": "branch",
        "line": 107,
        "loc": { "start": { "line": 107, "column": 2 }, "end": { "line": 168, "column": 3 } },
        "locations": [
          { "start": { "line": 107, "column": 2 }, "end": { "line": 168, "column": 3 } }
        ]
      },
      "16": {
        "type": "branch",
        "line": 108,
        "loc": { "start": { "line": 108, "column": 40 }, "end": { "line": 111, "column": 5 } },
        "locations": [
          { "start": { "line": 108, "column": 40 }, "end": { "line": 111, "column": 5 } }
        ]
      },
      "17": {
        "type": "branch",
        "line": 111,
        "loc": { "start": { "line": 111, "column": 4 }, "end": { "line": 113, "column": 41 } },
        "locations": [
          { "start": { "line": 111, "column": 4 }, "end": { "line": 113, "column": 41 } }
        ]
      },
      "18": {
        "type": "branch",
        "line": 113,
        "loc": { "start": { "line": 113, "column": 41 }, "end": { "line": 115, "column": 5 } },
        "locations": [
          { "start": { "line": 113, "column": 41 }, "end": { "line": 115, "column": 5 } }
        ]
      },
      "19": {
        "type": "branch",
        "line": 115,
        "loc": { "start": { "line": 115, "column": 4 }, "end": { "line": 167, "column": 7 } },
        "locations": [
          { "start": { "line": 115, "column": 4 }, "end": { "line": 167, "column": 7 } }
        ]
      },
      "20": {
        "type": "branch",
        "line": 120,
        "loc": { "start": { "line": 120, "column": 23 }, "end": { "line": 167, "column": 5 } },
        "locations": [
          { "start": { "line": 120, "column": 23 }, "end": { "line": 167, "column": 5 } }
        ]
      },
      "21": {
        "type": "branch",
        "line": 124,
        "loc": { "start": { "line": 124, "column": 33 }, "end": { "line": 127, "column": 9 } },
        "locations": [
          { "start": { "line": 124, "column": 33 }, "end": { "line": 127, "column": 9 } }
        ]
      },
      "22": {
        "type": "branch",
        "line": 129,
        "loc": { "start": { "line": 129, "column": 27 }, "end": { "line": 136, "column": 7 } },
        "locations": [
          { "start": { "line": 129, "column": 27 }, "end": { "line": 136, "column": 7 } }
        ]
      },
      "23": {
        "type": "branch",
        "line": 138,
        "loc": { "start": { "line": 138, "column": 24 }, "end": { "line": 140, "column": 7 } },
        "locations": [
          { "start": { "line": 138, "column": 24 }, "end": { "line": 140, "column": 7 } }
        ]
      },
      "24": {
        "type": "branch",
        "line": 142,
        "loc": { "start": { "line": 142, "column": 23 }, "end": { "line": 145, "column": 7 } },
        "locations": [
          { "start": { "line": 142, "column": 23 }, "end": { "line": 145, "column": 7 } }
        ]
      },
      "25": {
        "type": "branch",
        "line": 147,
        "loc": { "start": { "line": 147, "column": 25 }, "end": { "line": 157, "column": 7 } },
        "locations": [
          { "start": { "line": 147, "column": 25 }, "end": { "line": 157, "column": 7 } }
        ]
      },
      "26": {
        "type": "branch",
        "line": 152,
        "loc": { "start": { "line": 152, "column": 45 }, "end": { "line": 156, "column": 9 } },
        "locations": [
          { "start": { "line": 152, "column": 45 }, "end": { "line": 156, "column": 9 } }
        ]
      },
      "27": {
        "type": "branch",
        "line": 173,
        "loc": { "start": { "line": 173, "column": 2 }, "end": { "line": 194, "column": 3 } },
        "locations": [
          { "start": { "line": 173, "column": 2 }, "end": { "line": 194, "column": 3 } }
        ]
      },
      "28": {
        "type": "branch",
        "line": 174,
        "loc": { "start": { "line": 174, "column": 29 }, "end": { "line": 174, "column": 74 } },
        "locations": [
          { "start": { "line": 174, "column": 29 }, "end": { "line": 174, "column": 74 } }
        ]
      },
      "29": {
        "type": "branch",
        "line": 174,
        "loc": { "start": { "line": 174, "column": 74 }, "end": { "line": 176, "column": 5 } },
        "locations": [
          { "start": { "line": 174, "column": 74 }, "end": { "line": 176, "column": 5 } }
        ]
      },
      "30": {
        "type": "branch",
        "line": 176,
        "loc": { "start": { "line": 176, "column": 4 }, "end": { "line": 182, "column": 64 } },
        "locations": [
          { "start": { "line": 176, "column": 4 }, "end": { "line": 182, "column": 64 } }
        ]
      },
      "31": {
        "type": "branch",
        "line": 182,
        "loc": { "start": { "line": 182, "column": 64 }, "end": { "line": 186, "column": 5 } },
        "locations": [
          { "start": { "line": 182, "column": 64 }, "end": { "line": 186, "column": 5 } }
        ]
      },
      "32": {
        "type": "branch",
        "line": 186,
        "loc": { "start": { "line": 186, "column": 4 }, "end": { "line": 193, "column": 30 } },
        "locations": [
          { "start": { "line": 186, "column": 4 }, "end": { "line": 193, "column": 30 } }
        ]
      },
      "33": {
        "type": "branch",
        "line": 199,
        "loc": { "start": { "line": 199, "column": 2 }, "end": { "line": 226, "column": 3 } },
        "locations": [
          { "start": { "line": 199, "column": 2 }, "end": { "line": 226, "column": 3 } }
        ]
      },
      "34": {
        "type": "branch",
        "line": 200,
        "loc": { "start": { "line": 200, "column": 40 }, "end": { "line": 202, "column": 5 } },
        "locations": [
          { "start": { "line": 200, "column": 40 }, "end": { "line": 202, "column": 5 } }
        ]
      },
      "35": {
        "type": "branch",
        "line": 202,
        "loc": { "start": { "line": 202, "column": 4 }, "end": { "line": 225, "column": 27 } },
        "locations": [
          { "start": { "line": 202, "column": 4 }, "end": { "line": 225, "column": 27 } }
        ]
      },
      "36": {
        "type": "branch",
        "line": 212,
        "loc": { "start": { "line": 212, "column": 23 }, "end": { "line": 225, "column": 5 } },
        "locations": [
          { "start": { "line": 212, "column": 23 }, "end": { "line": 225, "column": 5 } }
        ]
      },
      "37": {
        "type": "branch",
        "line": 213,
        "loc": { "start": { "line": 213, "column": 33 }, "end": { "line": 216, "column": 9 } },
        "locations": [
          { "start": { "line": 213, "column": 33 }, "end": { "line": 216, "column": 9 } }
        ]
      },
      "38": {
        "type": "branch",
        "line": 231,
        "loc": { "start": { "line": 231, "column": 2 }, "end": { "line": 243, "column": 3 } },
        "locations": [
          { "start": { "line": 231, "column": 2 }, "end": { "line": 243, "column": 3 } }
        ]
      },
      "39": {
        "type": "branch",
        "line": 232,
        "loc": { "start": { "line": 232, "column": 40 }, "end": { "line": 242, "column": 28 } },
        "locations": [
          { "start": { "line": 232, "column": 40 }, "end": { "line": 242, "column": 28 } }
        ]
      },
      "40": {
        "type": "branch",
        "line": 248,
        "loc": { "start": { "line": 248, "column": 2 }, "end": { "line": 250, "column": 3 } },
        "locations": [
          { "start": { "line": 248, "column": 2 }, "end": { "line": 250, "column": 3 } }
        ]
      },
      "41": {
        "type": "branch",
        "line": 255,
        "loc": { "start": { "line": 255, "column": 2 }, "end": { "line": 257, "column": 3 } },
        "locations": [
          { "start": { "line": 255, "column": 2 }, "end": { "line": 257, "column": 3 } }
        ]
      },
      "42": {
        "type": "branch",
        "line": 263,
        "loc": { "start": { "line": 263, "column": 10 }, "end": { "line": 272, "column": 3 } },
        "locations": [
          { "start": { "line": 263, "column": 10 }, "end": { "line": 272, "column": 3 } }
        ]
      },
      "43": {
        "type": "branch",
        "line": 266,
        "loc": { "start": { "line": 266, "column": 80 }, "end": { "line": 268, "column": 7 } },
        "locations": [
          { "start": { "line": 266, "column": 80 }, "end": { "line": 268, "column": 7 } }
        ]
      },
      "44": {
        "type": "branch",
        "line": 270,
        "loc": { "start": { "line": 270, "column": 4 }, "end": { "line": 271, "column": 16 } },
        "locations": [
          { "start": { "line": 270, "column": 4 }, "end": { "line": 271, "column": 16 } }
        ]
      },
      "45": {
        "type": "branch",
        "line": 278,
        "loc": { "start": { "line": 278, "column": 10 }, "end": { "line": 286, "column": 3 } },
        "locations": [
          { "start": { "line": 278, "column": 10 }, "end": { "line": 286, "column": 3 } }
        ]
      },
      "46": {
        "type": "branch",
        "line": 279,
        "loc": { "start": { "line": 279, "column": 22 }, "end": { "line": 281, "column": 5 } },
        "locations": [
          { "start": { "line": 279, "column": 22 }, "end": { "line": 281, "column": 5 } }
        ]
      },
      "47": {
        "type": "branch",
        "line": 292,
        "loc": { "start": { "line": 292, "column": 10 }, "end": { "line": 311, "column": 3 } },
        "locations": [
          { "start": { "line": 292, "column": 10 }, "end": { "line": 311, "column": 3 } }
        ]
      },
      "48": {
        "type": "branch",
        "line": 297,
        "loc": { "start": { "line": 297, "column": 62 }, "end": { "line": 310, "column": 5 } },
        "locations": [
          { "start": { "line": 297, "column": 62 }, "end": { "line": 310, "column": 5 } }
        ]
      },
      "49": {
        "type": "branch",
        "line": 301,
        "loc": { "start": { "line": 301, "column": 29 }, "end": { "line": 301, "column": 38 } },
        "locations": [
          { "start": { "line": 301, "column": 29 }, "end": { "line": 301, "column": 38 } }
        ]
      },
      "50": {
        "type": "branch",
        "line": 306,
        "loc": { "start": { "line": 306, "column": 6 }, "end": { "line": 309, "column": 7 } },
        "locations": [
          { "start": { "line": 306, "column": 6 }, "end": { "line": 309, "column": 7 } }
        ]
      },
      "51": {
        "type": "branch",
        "line": 308,
        "loc": { "start": { "line": 308, "column": 52 }, "end": { "line": 308, "column": 84 } },
        "locations": [
          { "start": { "line": 308, "column": 52 }, "end": { "line": 308, "column": 84 } }
        ]
      },
      "52": {
        "type": "branch",
        "line": 317,
        "loc": { "start": { "line": 317, "column": 10 }, "end": { "line": 351, "column": 3 } },
        "locations": [
          { "start": { "line": 317, "column": 10 }, "end": { "line": 351, "column": 3 } }
        ]
      },
      "53": {
        "type": "branch",
        "line": 321,
        "loc": { "start": { "line": 321, "column": 34 }, "end": { "line": 330, "column": 5 } },
        "locations": [
          { "start": { "line": 321, "column": 34 }, "end": { "line": 330, "column": 5 } }
        ]
      },
      "54": {
        "type": "branch",
        "line": 330,
        "loc": { "start": { "line": 330, "column": 4 }, "end": { "line": 333, "column": 36 } },
        "locations": [
          { "start": { "line": 330, "column": 4 }, "end": { "line": 333, "column": 36 } }
        ]
      },
      "55": {
        "type": "branch",
        "line": 333,
        "loc": { "start": { "line": 333, "column": 36 }, "end": { "line": 341, "column": 5 } },
        "locations": [
          { "start": { "line": 333, "column": 36 }, "end": { "line": 341, "column": 5 } }
        ]
      },
      "56": {
        "type": "branch",
        "line": 341,
        "loc": { "start": { "line": 341, "column": 4 }, "end": { "line": 347, "column": 5 } },
        "locations": [
          { "start": { "line": 341, "column": 4 }, "end": { "line": 347, "column": 5 } }
        ]
      },
      "57": {
        "type": "branch",
        "line": 347,
        "loc": { "start": { "line": 347, "column": 4 }, "end": { "line": 350, "column": 47 } },
        "locations": [
          { "start": { "line": 347, "column": 4 }, "end": { "line": 350, "column": 47 } }
        ]
      },
      "58": {
        "type": "branch",
        "line": 357,
        "loc": { "start": { "line": 357, "column": 10 }, "end": { "line": 392, "column": 3 } },
        "locations": [
          { "start": { "line": 357, "column": 10 }, "end": { "line": 392, "column": 3 } }
        ]
      },
      "59": {
        "type": "branch",
        "line": 358,
        "loc": { "start": { "line": 358, "column": 37 }, "end": { "line": 360, "column": 5 } },
        "locations": [
          { "start": { "line": 358, "column": 37 }, "end": { "line": 360, "column": 5 } }
        ]
      },
      "60": {
        "type": "branch",
        "line": 366,
        "loc": { "start": { "line": 366, "column": 64 }, "end": { "line": 370, "column": 5 } },
        "locations": [
          { "start": { "line": 366, "column": 64 }, "end": { "line": 370, "column": 5 } }
        ]
      },
      "61": {
        "type": "branch",
        "line": 377,
        "loc": { "start": { "line": 377, "column": 20 }, "end": { "line": 378, "column": 65 } },
        "locations": [
          { "start": { "line": 377, "column": 20 }, "end": { "line": 378, "column": 65 } }
        ]
      },
      "62": {
        "type": "branch",
        "line": 379,
        "loc": { "start": { "line": 379, "column": 8 }, "end": { "line": 390, "column": 7 } },
        "locations": [
          { "start": { "line": 379, "column": 8 }, "end": { "line": 390, "column": 7 } }
        ]
      },
      "63": {
        "type": "branch",
        "line": 385,
        "loc": { "start": { "line": 385, "column": 19 }, "end": { "line": 389, "column": 11 } },
        "locations": [
          { "start": { "line": 385, "column": 19 }, "end": { "line": 389, "column": 11 } }
        ]
      },
      "64": {
        "type": "branch",
        "line": 398,
        "loc": { "start": { "line": 398, "column": 10 }, "end": { "line": 402, "column": 3 } },
        "locations": [
          { "start": { "line": 398, "column": 10 }, "end": { "line": 402, "column": 3 } }
        ]
      },
      "65": {
        "type": "branch",
        "line": 399,
        "loc": { "start": { "line": 399, "column": 27 }, "end": { "line": 401, "column": 5 } },
        "locations": [
          { "start": { "line": 399, "column": 27 }, "end": { "line": 401, "column": 5 } }
        ]
      }
    },
    "b": {
      "0": [12],
      "1": [12],
      "2": [6],
      "3": [1],
      "4": [5],
      "5": [4],
      "6": [1],
      "7": [27],
      "8": [27],
      "9": [25],
      "10": [26],
      "11": [26],
      "12": [25],
      "13": [26],
      "14": [26],
      "15": [25],
      "16": [1],
      "17": [24],
      "18": [1],
      "19": [23],
      "20": [23],
      "21": [1],
      "22": [20],
      "23": [8],
      "24": [2],
      "25": [2],
      "26": [1],
      "27": [6],
      "28": [4],
      "29": [2],
      "30": [4],
      "31": [1],
      "32": [4],
      "33": [8],
      "34": [1],
      "35": [7],
      "36": [7],
      "37": [1],
      "38": [2],
      "39": [1],
      "40": [9],
      "41": [6],
      "42": [23],
      "43": [0],
      "44": [0],
      "45": [8],
      "46": [0],
      "47": [8],
      "48": [7],
      "49": [0],
      "50": [1],
      "51": [0],
      "52": [6],
      "53": [1],
      "54": [5],
      "55": [4],
      "56": [1],
      "57": [0],
      "58": [3],
      "59": [0],
      "60": [0],
      "61": [1],
      "62": [1],
      "63": [1],
      "64": [68],
      "65": [0]
    },
    "fnMap": {
      "0": {
        "name": "<instance_members_initializer>",
        "decl": { "start": { "line": 22, "column": 7 }, "end": { "line": 37, "column": 1 } },
        "loc": { "start": { "line": 22, "column": 7 }, "end": { "line": 37, "column": 1 } },
        "line": 22
      },
      "1": {
        "name": "JSONRPCError",
        "decl": { "start": { "line": 26, "column": 2 }, "end": { "line": 36, "column": 3 } },
        "loc": { "start": { "line": 26, "column": 2 }, "end": { "line": 36, "column": 3 } },
        "line": 26
      },
      "2": {
        "name": "isErrorResponse",
        "decl": { "start": { "line": 42, "column": 0 }, "end": { "line": 44, "column": 1 } },
        "loc": { "start": { "line": 42, "column": 0 }, "end": { "line": 44, "column": 1 } },
        "line": 42
      },
      "3": {
        "name": "isSuccessResponse",
        "decl": { "start": { "line": 49, "column": 0 }, "end": { "line": 51, "column": 1 } },
        "loc": { "start": { "line": 49, "column": 0 }, "end": { "line": 51, "column": 1 } },
        "line": 49
      },
      "4": {
        "name": "isNotification",
        "decl": { "start": { "line": 56, "column": 0 }, "end": { "line": 58, "column": 1 } },
        "loc": { "start": { "line": 56, "column": 0 }, "end": { "line": 58, "column": 1 } },
        "line": 56
      },
      "5": {
        "name": "<instance_members_initializer>",
        "decl": { "start": { "line": 82, "column": 7 }, "end": { "line": 403, "column": 1 } },
        "loc": { "start": { "line": 82, "column": 7 }, "end": { "line": 403, "column": 1 } },
        "line": 82
      },
      "6": {
        "name": "JSONRPCClient",
        "decl": { "start": { "line": 91, "column": 2 }, "end": { "line": 102, "column": 3 } },
        "loc": { "start": { "line": 91, "column": 2 }, "end": { "line": 102, "column": 3 } },
        "line": 91
      },
      "7": {
        "name": "connect",
        "decl": { "start": { "line": 107, "column": 2 }, "end": { "line": 168, "column": 3 } },
        "loc": { "start": { "line": 107, "column": 2 }, "end": { "line": 168, "column": 3 } },
        "line": 107
      },
      "8": {
        "name": "disconnect",
        "decl": { "start": { "line": 173, "column": 2 }, "end": { "line": 194, "column": 3 } },
        "loc": { "start": { "line": 173, "column": 2 }, "end": { "line": 194, "column": 3 } },
        "line": 173
      },
      "9": {
        "name": "request",
        "decl": { "start": { "line": 199, "column": 2 }, "end": { "line": 226, "column": 3 } },
        "loc": { "start": { "line": 199, "column": 2 }, "end": { "line": 226, "column": 3 } },
        "line": 199
      },
      "10": {
        "name": "notify",
        "decl": { "start": { "line": 231, "column": 2 }, "end": { "line": 243, "column": 3 } },
        "loc": { "start": { "line": 231, "column": 2 }, "end": { "line": 243, "column": 3 } },
        "line": 231
      },
      "11": {
        "name": "getState",
        "decl": { "start": { "line": 248, "column": 2 }, "end": { "line": 250, "column": 3 } },
        "loc": { "start": { "line": 248, "column": 2 }, "end": { "line": 250, "column": 3 } },
        "line": 248
      },
      "12": {
        "name": "isConnected",
        "decl": { "start": { "line": 255, "column": 2 }, "end": { "line": 257, "column": 3 } },
        "loc": { "start": { "line": 255, "column": 2 }, "end": { "line": 257, "column": 3 } },
        "line": 255
      },
      "13": {
        "name": "normalizeSocketPath",
        "decl": { "start": { "line": 263, "column": 10 }, "end": { "line": 272, "column": 3 } },
        "loc": { "start": { "line": 263, "column": 10 }, "end": { "line": 272, "column": 3 } },
        "line": 263
      },
      "14": {
        "name": "send",
        "decl": { "start": { "line": 278, "column": 10 }, "end": { "line": 286, "column": 3 } },
        "loc": { "start": { "line": 278, "column": 10 }, "end": { "line": 286, "column": 3 } },
        "line": 278
      },
      "15": {
        "name": "handleData",
        "decl": { "start": { "line": 292, "column": 10 }, "end": { "line": 311, "column": 3 } },
        "loc": { "start": { "line": 292, "column": 10 }, "end": { "line": 311, "column": 3 } },
        "line": 292
      },
      "16": {
        "name": "handleMessage",
        "decl": { "start": { "line": 317, "column": 10 }, "end": { "line": 351, "column": 3 } },
        "loc": { "start": { "line": 317, "column": 10 }, "end": { "line": 351, "column": 3 } },
        "line": 317
      },
      "17": {
        "name": "handleDisconnect",
        "decl": { "start": { "line": 357, "column": 10 }, "end": { "line": 392, "column": 3 } },
        "loc": { "start": { "line": 357, "column": 10 }, "end": { "line": 392, "column": 3 } },
        "line": 357
      },
      "18": {
        "name": "log",
        "decl": { "start": { "line": 398, "column": 10 }, "end": { "line": 402, "column": 3 } },
        "loc": { "start": { "line": 398, "column": 10 }, "end": { "line": 402, "column": 3 } },
        "line": 398
      }
    },
    "f": {
      "0": 12,
      "1": 12,
      "2": 6,
      "3": 5,
      "4": 1,
      "5": 27,
      "6": 27,
      "7": 25,
      "8": 6,
      "9": 8,
      "10": 2,
      "11": 9,
      "12": 6,
      "13": 23,
      "14": 8,
      "15": 8,
      "16": 6,
      "17": 3,
      "18": 68
    }
  },
  "C:\\MyProjects\\llm-copilot\\packages\\jsonrpc-ipc-client\\src\\index.ts": {
    "path": "C:\\MyProjects\\llm-copilot\\packages\\jsonrpc-ipc-client\\src\\index.ts",
    "all": true,
    "statementMap": {
      "0": { "start": { "line": 1, "column": 0 }, "end": { "line": 1, "column": 3 } }
    },
    "s": { "0": 0 },
    "branchMap": {
      "0": {
        "type": "branch",
        "line": 1,
        "loc": { "start": { "line": 1, "column": 583 }, "end": { "line": 23, "column": 68 } },
        "locations": [
          { "start": { "line": 1, "column": 583 }, "end": { "line": 23, "column": 68 } }
        ]
      }
    },
    "b": { "0": [0] },
    "fnMap": {
      "0": {
        "name": "(empty-report)",
        "decl": { "start": { "line": 1, "column": 583 }, "end": { "line": 23, "column": 68 } },
        "loc": { "start": { "line": 1, "column": 583 }, "end": { "line": 23, "column": 68 } },
        "line": 1
      }
    },
    "f": { "0": 0 }
  },
  "C:\\MyProjects\\llm-copilot\\packages\\jsonrpc-ipc-client\\src\\types.test.ts": {
    "path": "C:\\MyProjects\\llm-copilot\\packages\\jsonrpc-ipc-client\\src\\types.test.ts",
    "all": false,
    "statementMap": {
      "0": { "start": { "line": 1, "column": 0 }, "end": { "line": 1, "column": 46 } },
      "10": { "start": { "line": 11, "column": 0 }, "end": { "line": 11, "column": 45 } },
      "12": { "start": { "line": 13, "column": 0 }, "end": { "line": 13, "column": 25 } },
      "13": { "start": { "line": 14, "column": 0 }, "end": { "line": 14, "column": 42 } },
      "14": { "start": { "line": 15, "column": 0 }, "end": { "line": 15, "column": 49 } },
      "15": { "start": { "line": 16, "column": 0 }, "end": { "line": 16, "column": 64 } },
      "16": { "start": { "line": 17, "column": 0 }, "end": { "line": 17, "column": 60 } },
      "17": { "start": { "line": 18, "column": 0 }, "end": { "line": 18, "column": 58 } },
      "18": { "start": { "line": 19, "column": 0 }, "end": { "line": 19, "column": 64 } },
      "19": { "start": { "line": 20, "column": 0 }, "end": { "line": 20, "column": 52 } },
      "20": { "start": { "line": 21, "column": 0 }, "end": { "line": 21, "column": 7 } },
      "21": { "start": { "line": 22, "column": 0 }, "end": { "line": 22, "column": 5 } },
      "23": { "start": { "line": 24, "column": 0 }, "end": { "line": 24, "column": 36 } },
      "24": { "start": { "line": 25, "column": 0 }, "end": { "line": 25, "column": 52 } },
      "25": { "start": { "line": 26, "column": 0 }, "end": { "line": 26, "column": 39 } },
      "26": { "start": { "line": 27, "column": 0 }, "end": { "line": 27, "column": 23 } },
      "27": { "start": { "line": 28, "column": 0 }, "end": { "line": 28, "column": 26 } },
      "28": { "start": { "line": 29, "column": 0 }, "end": { "line": 29, "column": 28 } },
      "29": { "start": { "line": 30, "column": 0 }, "end": { "line": 30, "column": 14 } },
      "30": { "start": { "line": 31, "column": 0 }, "end": { "line": 31, "column": 8 } },
      "32": { "start": { "line": 33, "column": 0 }, "end": { "line": 33, "column": 45 } },
      "33": { "start": { "line": 34, "column": 0 }, "end": { "line": 34, "column": 33 } },
      "34": { "start": { "line": 35, "column": 0 }, "end": { "line": 35, "column": 7 } },
      "36": { "start": { "line": 37, "column": 0 }, "end": { "line": 37, "column": 50 } },
      "37": { "start": { "line": 38, "column": 0 }, "end": { "line": 38, "column": 40 } },
      "38": { "start": { "line": 39, "column": 0 }, "end": { "line": 39, "column": 23 } },
      "39": { "start": { "line": 40, "column": 0 }, "end": { "line": 40, "column": 14 } },
      "40": { "start": { "line": 41, "column": 0 }, "end": { "line": 41, "column": 8 } },
      "42": { "start": { "line": 43, "column": 0 }, "end": { "line": 43, "column": 40 } },
      "43": { "start": { "line": 44, "column": 0 }, "end": { "line": 44, "column": 23 } },
      "44": { "start": { "line": 45, "column": 0 }, "end": { "line": 45, "column": 22 } },
      "45": { "start": { "line": 46, "column": 0 }, "end": { "line": 46, "column": 8 } },
      "47": { "start": { "line": 48, "column": 0 }, "end": { "line": 48, "column": 34 } },
      "48": { "start": { "line": 49, "column": 0 }, "end": { "line": 49, "column": 42 } },
      "49": { "start": { "line": 50, "column": 0 }, "end": { "line": 50, "column": 7 } },
      "51": { "start": { "line": 52, "column": 0 }, "end": { "line": 52, "column": 53 } },
      "52": { "start": { "line": 53, "column": 0 }, "end": { "line": 53, "column": 39 } },
      "53": { "start": { "line": 54, "column": 0 }, "end": { "line": 54, "column": 23 } },
      "54": { "start": { "line": 55, "column": 0 }, "end": { "line": 55, "column": 14 } },
      "55": { "start": { "line": 56, "column": 0 }, "end": { "line": 56, "column": 8 } },
      "57": { "start": { "line": 58, "column": 0 }, "end": { "line": 58, "column": 46 } },
      "58": { "start": { "line": 59, "column": 0 }, "end": { "line": 59, "column": 7 } },
      "59": { "start": { "line": 60, "column": 0 }, "end": { "line": 60, "column": 5 } },
      "61": { "start": { "line": 62, "column": 0 }, "end": { "line": 62, "column": 37 } },
      "62": { "start": { "line": 63, "column": 0 }, "end": { "line": 63, "column": 54 } },
      "63": { "start": { "line": 64, "column": 0 }, "end": { "line": 64, "column": 41 } },
      "64": { "start": { "line": 65, "column": 0 }, "end": { "line": 65, "column": 23 } },
      "65": { "start": { "line": 66, "column": 0 }, "end": { "line": 66, "column": 33 } },
      "66": { "start": { "line": 67, "column": 0 }, "end": { "line": 67, "column": 14 } },
      "67": { "start": { "line": 68, "column": 0 }, "end": { "line": 68, "column": 8 } },
      "69": { "start": { "line": 70, "column": 0 }, "end": { "line": 70, "column": 56 } },
      "70": { "start": { "line": 71, "column": 0 }, "end": { "line": 71, "column": 34 } },
      "71": { "start": { "line": 72, "column": 0 }, "end": { "line": 72, "column": 7 } },
      "73": { "start": { "line": 74, "column": 0 }, "end": { "line": 74, "column": 43 } },
      "74": { "start": { "line": 75, "column": 0 }, "end": { "line": 75, "column": 41 } },
      "75": { "start": { "line": 76, "column": 0 }, "end": { "line": 76, "column": 21 } },
      "76": { "start": { "line": 77, "column": 0 }, "end": { "line": 77, "column": 14 } },
      "77": { "start": { "line": 78, "column": 0 }, "end": { "line": 78, "column": 8 } },
      "79": { "start": { "line": 80, "column": 0 }, "end": { "line": 80, "column": 41 } },
      "80": { "start": { "line": 81, "column": 0 }, "end": { "line": 81, "column": 7 } },
      "81": { "start": { "line": 82, "column": 0 }, "end": { "line": 82, "column": 5 } },
      "83": { "start": { "line": 84, "column": 0 }, "end": { "line": 84, "column": 42 } },
      "84": { "start": { "line": 85, "column": 0 }, "end": { "line": 85, "column": 52 } },
      "85": { "start": { "line": 86, "column": 0 }, "end": { "line": 86, "column": 46 } },
      "86": { "start": { "line": 87, "column": 0 }, "end": { "line": 87, "column": 23 } },
      "87": { "start": { "line": 88, "column": 0 }, "end": { "line": 88, "column": 16 } },
      "88": { "start": { "line": 89, "column": 0 }, "end": { "line": 89, "column": 23 } },
      "89": { "start": { "line": 90, "column": 0 }, "end": { "line": 90, "column": 38 } },
      "90": { "start": { "line": 91, "column": 0 }, "end": { "line": 91, "column": 10 } },
      "91": { "start": { "line": 92, "column": 0 }, "end": { "line": 92, "column": 14 } },
      "92": { "start": { "line": 93, "column": 0 }, "end": { "line": 93, "column": 8 } },
      "94": { "start": { "line": 95, "column": 0 }, "end": { "line": 95, "column": 47 } },
      "95": { "start": { "line": 96, "column": 0 }, "end": { "line": 96, "column": 62 } },
      "96": { "start": { "line": 97, "column": 0 }, "end": { "line": 97, "column": 7 } },
      "98": { "start": { "line": 99, "column": 0 }, "end": { "line": 99, "column": 53 } },
      "99": { "start": { "line": 100, "column": 0 }, "end": { "line": 100, "column": 46 } },
      "100": { "start": { "line": 101, "column": 0 }, "end": { "line": 101, "column": 16 } },
      "101": { "start": { "line": 102, "column": 0 }, "end": { "line": 102, "column": 23 } },
      "102": { "start": { "line": 103, "column": 0 }, "end": { "line": 103, "column": 36 } },
      "103": { "start": { "line": 104, "column": 0 }, "end": { "line": 104, "column": 35 } },
      "104": { "start": { "line": 105, "column": 0 }, "end": { "line": 105, "column": 10 } },
      "105": { "start": { "line": 106, "column": 0 }, "end": { "line": 106, "column": 14 } },
      "106": { "start": { "line": 107, "column": 0 }, "end": { "line": 107, "column": 8 } },
      "108": { "start": { "line": 109, "column": 0 }, "end": { "line": 109, "column": 62 } },
      "109": { "start": { "line": 110, "column": 0 }, "end": { "line": 110, "column": 7 } },
      "110": { "start": { "line": 111, "column": 0 }, "end": { "line": 111, "column": 5 } },
      "112": { "start": { "line": 113, "column": 0 }, "end": { "line": 113, "column": 41 } },
      "113": { "start": { "line": 114, "column": 0 }, "end": { "line": 114, "column": 50 } },
      "114": { "start": { "line": 115, "column": 0 }, "end": { "line": 115, "column": 49 } },
      "115": { "start": { "line": 116, "column": 0 }, "end": { "line": 116, "column": 23 } },
      "116": { "start": { "line": 117, "column": 0 }, "end": { "line": 117, "column": 27 } },
      "117": { "start": { "line": 118, "column": 0 }, "end": { "line": 118, "column": 35 } },
      "118": { "start": { "line": 119, "column": 0 }, "end": { "line": 119, "column": 8 } },
      "120": { "start": { "line": 121, "column": 0 }, "end": { "line": 121, "column": 51 } },
      "121": { "start": { "line": 122, "column": 0 }, "end": { "line": 122, "column": 62 } },
      "122": { "start": { "line": 123, "column": 0 }, "end": { "line": 123, "column": 7 } },
      "124": { "start": { "line": 125, "column": 0 }, "end": { "line": 125, "column": 42 } },
      "125": { "start": { "line": 126, "column": 0 }, "end": { "line": 126, "column": 49 } },
      "126": { "start": { "line": 127, "column": 0 }, "end": { "line": 127, "column": 24 } },
      "127": { "start": { "line": 128, "column": 0 }, "end": { "line": 128, "column": 8 } },
      "129": { "start": { "line": 130, "column": 0 }, "end": { "line": 130, "column": 47 } },
      "130": { "start": { "line": 131, "column": 0 }, "end": { "line": 131, "column": 7 } },
      "131": { "start": { "line": 132, "column": 0 }, "end": { "line": 132, "column": 5 } },
      "133": { "start": { "line": 134, "column": 0 }, "end": { "line": 134, "column": 42 } },
      "134": { "start": { "line": 135, "column": 0 }, "end": { "line": 135, "column": 54 } },
      "135": { "start": { "line": 136, "column": 0 }, "end": { "line": 136, "column": 42 } },
      "136": { "start": { "line": 137, "column": 0 }, "end": { "line": 137, "column": 52 } },
      "137": { "start": { "line": 138, "column": 0 }, "end": { "line": 138, "column": 51 } },
      "138": { "start": { "line": 139, "column": 0 }, "end": { "line": 139, "column": 9 } },
      "139": { "start": { "line": 140, "column": 0 }, "end": { "line": 140, "column": 56 } },
      "140": { "start": { "line": 141, "column": 0 }, "end": { "line": 141, "column": 16 } },
      "141": { "start": { "line": 142, "column": 0 }, "end": { "line": 142, "column": 34 } },
      "142": { "start": { "line": 143, "column": 0 }, "end": { "line": 143, "column": 58 } },
      "143": { "start": { "line": 144, "column": 0 }, "end": { "line": 144, "column": 8 } },
      "145": { "start": { "line": 146, "column": 0 }, "end": { "line": 146, "column": 39 } },
      "146": { "start": { "line": 147, "column": 0 }, "end": { "line": 147, "column": 7 } },
      "147": { "start": { "line": 148, "column": 0 }, "end": { "line": 148, "column": 5 } },
      "149": { "start": { "line": 150, "column": 0 }, "end": { "line": 150, "column": 34 } },
      "150": { "start": { "line": 151, "column": 0 }, "end": { "line": 151, "column": 43 } },
      "151": { "start": { "line": 152, "column": 0 }, "end": { "line": 152, "column": 36 } },
      "152": { "start": { "line": 153, "column": 0 }, "end": { "line": 153, "column": 37 } },
      "153": { "start": { "line": 154, "column": 0 }, "end": { "line": 154, "column": 8 } },
      "155": { "start": { "line": 156, "column": 0 }, "end": { "line": 156, "column": 55 } },
      "156": { "start": { "line": 157, "column": 0 }, "end": { "line": 157, "column": 7 } },
      "158": { "start": { "line": 159, "column": 0 }, "end": { "line": 159, "column": 51 } },
      "159": { "start": { "line": 160, "column": 0 }, "end": { "line": 160, "column": 36 } },
      "160": { "start": { "line": 161, "column": 0 }, "end": { "line": 161, "column": 37 } },
      "161": { "start": { "line": 162, "column": 0 }, "end": { "line": 162, "column": 32 } },
      "162": { "start": { "line": 163, "column": 0 }, "end": { "line": 163, "column": 30 } },
      "163": { "start": { "line": 164, "column": 0 }, "end": { "line": 164, "column": 20 } },
      "164": { "start": { "line": 165, "column": 0 }, "end": { "line": 165, "column": 28 } },
      "165": { "start": { "line": 166, "column": 0 }, "end": { "line": 166, "column": 32 } },
      "166": { "start": { "line": 167, "column": 0 }, "end": { "line": 167, "column": 29 } },
      "167": { "start": { "line": 168, "column": 0 }, "end": { "line": 168, "column": 8 } },
      "169": { "start": { "line": 170, "column": 0 }, "end": { "line": 170, "column": 38 } },
      "170": { "start": { "line": 171, "column": 0 }, "end": { "line": 171, "column": 46 } },
      "171": { "start": { "line": 172, "column": 0 }, "end": { "line": 172, "column": 7 } },
      "173": { "start": { "line": 174, "column": 0 }, "end": { "line": 174, "column": 46 } },
      "174": { "start": { "line": 175, "column": 0 }, "end": { "line": 175, "column": 36 } },
      "175": { "start": { "line": 176, "column": 0 }, "end": { "line": 176, "column": 37 } },
      "176": { "start": { "line": 177, "column": 0 }, "end": { "line": 177, "column": 8 } },
      "178": { "start": { "line": 179, "column": 0 }, "end": { "line": 179, "column": 55 } },
      "179": { "start": { "line": 180, "column": 0 }, "end": { "line": 180, "column": 43 } },
      "180": { "start": { "line": 181, "column": 0 }, "end": { "line": 181, "column": 7 } },
      "181": { "start": { "line": 182, "column": 0 }, "end": { "line": 182, "column": 5 } },
      "183": { "start": { "line": 184, "column": 0 }, "end": { "line": 184, "column": 44 } },
      "184": { "start": { "line": 185, "column": 0 }, "end": { "line": 185, "column": 47 } },
      "185": { "start": { "line": 186, "column": 0 }, "end": { "line": 186, "column": 35 } },
      "186": { "start": { "line": 187, "column": 0 }, "end": { "line": 187, "column": 21 } },
      "187": { "start": { "line": 188, "column": 0 }, "end": { "line": 188, "column": 36 } },
      "188": { "start": { "line": 189, "column": 0 }, "end": { "line": 189, "column": 8 } },
      "190": { "start": { "line": 191, "column": 0 }, "end": { "line": 191, "column": 38 } },
      "191": { "start": { "line": 192, "column": 0 }, "end": { "line": 192, "column": 53 } },
      "192": { "start": { "line": 193, "column": 0 }, "end": { "line": 193, "column": 7 } },
      "194": { "start": { "line": 195, "column": 0 }, "end": { "line": 195, "column": 51 } },
      "195": { "start": { "line": 196, "column": 0 }, "end": { "line": 196, "column": 35 } },
      "196": { "start": { "line": 197, "column": 0 }, "end": { "line": 197, "column": 21 } },
      "197": { "start": { "line": 198, "column": 0 }, "end": { "line": 198, "column": 34 } },
      "198": { "start": { "line": 199, "column": 0 }, "end": { "line": 199, "column": 43 } },
      "199": { "start": { "line": 200, "column": 0 }, "end": { "line": 200, "column": 8 } },
      "201": { "start": { "line": 202, "column": 0 }, "end": { "line": 202, "column": 63 } },
      "202": { "start": { "line": 203, "column": 0 }, "end": { "line": 203, "column": 7 } },
      "203": { "start": { "line": 204, "column": 0 }, "end": { "line": 204, "column": 5 } },
      "205": { "start": { "line": 206, "column": 0 }, "end": { "line": 206, "column": 40 } },
      "206": { "start": { "line": 207, "column": 0 }, "end": { "line": 207, "column": 66 } },
      "207": { "start": { "line": 208, "column": 0 }, "end": { "line": 208, "column": 39 } },
      "208": { "start": { "line": 209, "column": 0 }, "end": { "line": 209, "column": 23 } },
      "209": { "start": { "line": 210, "column": 0 }, "end": { "line": 210, "column": 26 } },
      "210": { "start": { "line": 211, "column": 0 }, "end": { "line": 211, "column": 8 } },
      "212": { "start": { "line": 213, "column": 0 }, "end": { "line": 213, "column": 41 } },
      "213": { "start": { "line": 214, "column": 0 }, "end": { "line": 214, "column": 21 } },
      "214": { "start": { "line": 215, "column": 0 }, "end": { "line": 215, "column": 52 } },
      "215": { "start": { "line": 216, "column": 0 }, "end": { "line": 216, "column": 8 } },
      "217": { "start": { "line": 218, "column": 0 }, "end": { "line": 218, "column": 46 } },
      "218": { "start": { "line": 219, "column": 0 }, "end": { "line": 219, "column": 7 } },
      "220": { "start": { "line": 221, "column": 0 }, "end": { "line": 221, "column": 83 } },
      "221": { "start": { "line": 222, "column": 0 }, "end": { "line": 222, "column": 48 } },
      "222": { "start": { "line": 223, "column": 0 }, "end": { "line": 223, "column": 26 } },
      "223": { "start": { "line": 224, "column": 0 }, "end": { "line": 224, "column": 14 } },
      "224": { "start": { "line": 225, "column": 0 }, "end": { "line": 225, "column": 8 } },
      "226": { "start": { "line": 227, "column": 0 }, "end": { "line": 227, "column": 51 } },
      "227": { "start": { "line": 228, "column": 0 }, "end": { "line": 228, "column": 46 } },
      "228": { "start": { "line": 229, "column": 0 }, "end": { "line": 229, "column": 14 } },
      "229": { "start": { "line": 230, "column": 0 }, "end": { "line": 230, "column": 8 } },
      "231": { "start": { "line": 232, "column": 0 }, "end": { "line": 232, "column": 53 } },
      "232": { "start": { "line": 233, "column": 0 }, "end": { "line": 233, "column": 53 } },
      "233": { "start": { "line": 234, "column": 0 }, "end": { "line": 234, "column": 52 } },
      "234": { "start": { "line": 235, "column": 0 }, "end": { "line": 235, "column": 50 } },
      "235": { "start": { "line": 236, "column": 0 }, "end": { "line": 236, "column": 7 } },
      "236": { "start": { "line": 237, "column": 0 }, "end": { "line": 237, "column": 5 } },
      "237": { "start": { "line": 238, "column": 0 }, "end": { "line": 238, "column": 3 } }
    },
    "s": {
      "0": 1,
      "10": 1,
      "12": 1,
      "13": 1,
      "14": 1,
      "15": 1,
      "16": 1,
      "17": 1,
      "18": 1,
      "19": 1,
      "20": 1,
      "21": 1,
      "23": 1,
      "24": 1,
      "25": 1,
      "26": 1,
      "27": 1,
      "28": 1,
      "29": 1,
      "30": 1,
      "32": 1,
      "33": 1,
      "34": 1,
      "36": 1,
      "37": 1,
      "38": 1,
      "39": 1,
      "40": 1,
      "42": 1,
      "43": 1,
      "44": 1,
      "45": 1,
      "47": 1,
      "48": 1,
      "49": 1,
      "51": 1,
      "52": 1,
      "53": 1,
      "54": 1,
      "55": 1,
      "57": 1,
      "58": 1,
      "59": 1,
      "61": 1,
      "62": 1,
      "63": 1,
      "64": 1,
      "65": 1,
      "66": 1,
      "67": 1,
      "69": 1,
      "70": 1,
      "71": 1,
      "73": 1,
      "74": 1,
      "75": 1,
      "76": 1,
      "77": 1,
      "79": 1,
      "80": 1,
      "81": 1,
      "83": 1,
      "84": 1,
      "85": 1,
      "86": 1,
      "87": 1,
      "88": 1,
      "89": 1,
      "90": 1,
      "91": 1,
      "92": 1,
      "94": 1,
      "95": 1,
      "96": 1,
      "98": 1,
      "99": 1,
      "100": 1,
      "101": 1,
      "102": 1,
      "103": 1,
      "104": 1,
      "105": 1,
      "106": 1,
      "108": 1,
      "109": 1,
      "110": 1,
      "112": 1,
      "113": 1,
      "114": 1,
      "115": 1,
      "116": 1,
      "117": 1,
      "118": 1,
      "120": 1,
      "121": 1,
      "122": 1,
      "124": 1,
      "125": 1,
      "126": 1,
      "127": 1,
      "129": 1,
      "130": 1,
      "131": 1,
      "133": 1,
      "134": 1,
      "135": 1,
      "136": 1,
      "137": 1,
      "138": 1,
      "139": 1,
      "140": 1,
      "141": 1,
      "142": 1,
      "143": 1,
      "145": 1,
      "146": 1,
      "147": 1,
      "149": 1,
      "150": 1,
      "151": 1,
      "152": 1,
      "153": 1,
      "155": 1,
      "156": 1,
      "158": 1,
      "159": 1,
      "160": 1,
      "161": 1,
      "162": 1,
      "163": 1,
      "164": 1,
      "165": 1,
      "166": 1,
      "167": 1,
      "169": 1,
      "170": 1,
      "171": 1,
      "173": 1,
      "174": 1,
      "175": 1,
      "176": 1,
      "178": 1,
      "179": 1,
      "180": 1,
      "181": 1,
      "183": 1,
      "184": 1,
      "185": 1,
      "186": 1,
      "187": 1,
      "188": 1,
      "190": 1,
      "191": 1,
      "192": 1,
      "194": 1,
      "195": 1,
      "196": 1,
      "197": 1,
      "198": 1,
      "199": 1,
      "201": 1,
      "202": 1,
      "203": 1,
      "205": 1,
      "206": 1,
      "207": 1,
      "208": 1,
      "209": 1,
      "210": 1,
      "212": 1,
      "213": 1,
      "214": 1,
      "215": 1,
      "217": 1,
      "218": 1,
      "220": 1,
      "221": 1,
      "222": 1,
      "223": 1,
      "224": 1,
      "226": 1,
      "227": 1,
      "228": 1,
      "229": 1,
      "231": 1,
      "232": 1,
      "233": 1,
      "234": 1,
      "235": 1,
      "236": 1,
      "237": 1
    },
    "branchMap": {
      "0": {
        "type": "branch",
        "line": 13,
        "loc": { "start": { "line": 13, "column": 18 }, "end": { "line": 238, "column": 3 } },
        "locations": [
          { "start": { "line": 13, "column": 18 }, "end": { "line": 238, "column": 3 } }
        ]
      },
      "1": {
        "type": "branch",
        "line": 14,
        "loc": { "start": { "line": 14, "column": 35 }, "end": { "line": 22, "column": 3 } },
        "locations": [{ "start": { "line": 14, "column": 35 }, "end": { "line": 22, "column": 3 } }]
      },
      "2": {
        "type": "branch",
        "line": 15,
        "loc": { "start": { "line": 15, "column": 42 }, "end": { "line": 21, "column": 5 } },
        "locations": [{ "start": { "line": 15, "column": 42 }, "end": { "line": 21, "column": 5 } }]
      },
      "3": {
        "type": "branch",
        "line": 24,
        "loc": { "start": { "line": 24, "column": 29 }, "end": { "line": 60, "column": 3 } },
        "locations": [{ "start": { "line": 24, "column": 29 }, "end": { "line": 60, "column": 3 } }]
      },
      "4": {
        "type": "branch",
        "line": 25,
        "loc": { "start": { "line": 25, "column": 45 }, "end": { "line": 35, "column": 5 } },
        "locations": [{ "start": { "line": 25, "column": 45 }, "end": { "line": 35, "column": 5 } }]
      },
      "5": {
        "type": "branch",
        "line": 37,
        "loc": { "start": { "line": 37, "column": 43 }, "end": { "line": 50, "column": 5 } },
        "locations": [{ "start": { "line": 37, "column": 43 }, "end": { "line": 50, "column": 5 } }]
      },
      "6": {
        "type": "branch",
        "line": 52,
        "loc": { "start": { "line": 52, "column": 46 }, "end": { "line": 59, "column": 5 } },
        "locations": [{ "start": { "line": 52, "column": 46 }, "end": { "line": 59, "column": 5 } }]
      },
      "7": {
        "type": "branch",
        "line": 62,
        "loc": { "start": { "line": 62, "column": 30 }, "end": { "line": 82, "column": 3 } },
        "locations": [{ "start": { "line": 62, "column": 30 }, "end": { "line": 82, "column": 3 } }]
      },
      "8": {
        "type": "branch",
        "line": 63,
        "loc": { "start": { "line": 63, "column": 47 }, "end": { "line": 72, "column": 5 } },
        "locations": [{ "start": { "line": 63, "column": 47 }, "end": { "line": 72, "column": 5 } }]
      },
      "9": {
        "type": "branch",
        "line": 74,
        "loc": { "start": { "line": 74, "column": 36 }, "end": { "line": 81, "column": 5 } },
        "locations": [{ "start": { "line": 74, "column": 36 }, "end": { "line": 81, "column": 5 } }]
      },
      "10": {
        "type": "branch",
        "line": 84,
        "loc": { "start": { "line": 84, "column": 35 }, "end": { "line": 111, "column": 3 } },
        "locations": [
          { "start": { "line": 84, "column": 35 }, "end": { "line": 111, "column": 3 } }
        ]
      },
      "11": {
        "type": "branch",
        "line": 85,
        "loc": { "start": { "line": 85, "column": 45 }, "end": { "line": 97, "column": 5 } },
        "locations": [{ "start": { "line": 85, "column": 45 }, "end": { "line": 97, "column": 5 } }]
      },
      "12": {
        "type": "branch",
        "line": 99,
        "loc": { "start": { "line": 99, "column": 46 }, "end": { "line": 110, "column": 5 } },
        "locations": [
          { "start": { "line": 99, "column": 46 }, "end": { "line": 110, "column": 5 } }
        ]
      },
      "13": {
        "type": "branch",
        "line": 113,
        "loc": { "start": { "line": 113, "column": 34 }, "end": { "line": 132, "column": 3 } },
        "locations": [
          { "start": { "line": 113, "column": 34 }, "end": { "line": 132, "column": 3 } }
        ]
      },
      "14": {
        "type": "branch",
        "line": 114,
        "loc": { "start": { "line": 114, "column": 43 }, "end": { "line": 123, "column": 5 } },
        "locations": [
          { "start": { "line": 114, "column": 43 }, "end": { "line": 123, "column": 5 } }
        ]
      },
      "15": {
        "type": "branch",
        "line": 125,
        "loc": { "start": { "line": 125, "column": 35 }, "end": { "line": 131, "column": 5 } },
        "locations": [
          { "start": { "line": 125, "column": 35 }, "end": { "line": 131, "column": 5 } }
        ]
      },
      "16": {
        "type": "branch",
        "line": 134,
        "loc": { "start": { "line": 134, "column": 35 }, "end": { "line": 148, "column": 3 } },
        "locations": [
          { "start": { "line": 134, "column": 35 }, "end": { "line": 148, "column": 3 } }
        ]
      },
      "17": {
        "type": "branch",
        "line": 135,
        "loc": { "start": { "line": 135, "column": 47 }, "end": { "line": 147, "column": 5 } },
        "locations": [
          { "start": { "line": 135, "column": 47 }, "end": { "line": 147, "column": 5 } }
        ]
      },
      "18": {
        "type": "branch",
        "line": 150,
        "loc": { "start": { "line": 150, "column": 27 }, "end": { "line": 182, "column": 3 } },
        "locations": [
          { "start": { "line": 150, "column": 27 }, "end": { "line": 182, "column": 3 } }
        ]
      },
      "19": {
        "type": "branch",
        "line": 151,
        "loc": { "start": { "line": 151, "column": 36 }, "end": { "line": 157, "column": 5 } },
        "locations": [
          { "start": { "line": 151, "column": 36 }, "end": { "line": 157, "column": 5 } }
        ]
      },
      "20": {
        "type": "branch",
        "line": 159,
        "loc": { "start": { "line": 159, "column": 44 }, "end": { "line": 172, "column": 5 } },
        "locations": [
          { "start": { "line": 159, "column": 44 }, "end": { "line": 172, "column": 5 } }
        ]
      },
      "21": {
        "type": "branch",
        "line": 174,
        "loc": { "start": { "line": 174, "column": 39 }, "end": { "line": 181, "column": 5 } },
        "locations": [
          { "start": { "line": 174, "column": 39 }, "end": { "line": 181, "column": 5 } }
        ]
      },
      "22": {
        "type": "branch",
        "line": 184,
        "loc": { "start": { "line": 184, "column": 37 }, "end": { "line": 204, "column": 3 } },
        "locations": [
          { "start": { "line": 184, "column": 37 }, "end": { "line": 204, "column": 3 } }
        ]
      },
      "23": {
        "type": "branch",
        "line": 185,
        "loc": { "start": { "line": 185, "column": 40 }, "end": { "line": 193, "column": 5 } },
        "locations": [
          { "start": { "line": 185, "column": 40 }, "end": { "line": 193, "column": 5 } }
        ]
      },
      "24": {
        "type": "branch",
        "line": 195,
        "loc": { "start": { "line": 195, "column": 44 }, "end": { "line": 203, "column": 5 } },
        "locations": [
          { "start": { "line": 195, "column": 44 }, "end": { "line": 203, "column": 5 } }
        ]
      },
      "25": {
        "type": "branch",
        "line": 206,
        "loc": { "start": { "line": 206, "column": 33 }, "end": { "line": 237, "column": 3 } },
        "locations": [
          { "start": { "line": 206, "column": 33 }, "end": { "line": 237, "column": 3 } }
        ]
      },
      "26": {
        "type": "branch",
        "line": 207,
        "loc": { "start": { "line": 207, "column": 59 }, "end": { "line": 219, "column": 5 } },
        "locations": [
          { "start": { "line": 207, "column": 59 }, "end": { "line": 219, "column": 5 } }
        ]
      },
      "27": {
        "type": "branch",
        "line": 221,
        "loc": { "start": { "line": 221, "column": 76 }, "end": { "line": 236, "column": 5 } },
        "locations": [
          { "start": { "line": 221, "column": 76 }, "end": { "line": 236, "column": 5 } }
        ]
      }
    },
    "b": {
      "0": [1],
      "1": [1],
      "2": [1],
      "3": [1],
      "4": [1],
      "5": [1],
      "6": [1],
      "7": [1],
      "8": [1],
      "9": [1],
      "10": [1],
      "11": [1],
      "12": [1],
      "13": [1],
      "14": [1],
      "15": [1],
      "16": [1],
      "17": [1],
      "18": [1],
      "19": [1],
      "20": [1],
      "21": [1],
      "22": [1],
      "23": [1],
      "24": [1],
      "25": [1],
      "26": [1],
      "27": [1]
    },
    "fnMap": {},
    "f": {}
  },
  "C:\\MyProjects\\llm-copilot\\packages\\jsonrpc-ipc-client\\src\\types.ts": {
    "path": "C:\\MyProjects\\llm-copilot\\packages\\jsonrpc-ipc-client\\src\\types.ts",
    "all": false,
    "statementMap": {
      "133": { "start": { "line": 134, "column": 0 }, "end": { "line": 134, "column": 29 } },
      "134": { "start": { "line": 135, "column": 0 }, "end": { "line": 135, "column": 32 } },
      "135": { "start": { "line": 136, "column": 0 }, "end": { "line": 136, "column": 28 } },
      "136": { "start": { "line": 137, "column": 0 }, "end": { "line": 137, "column": 26 } },
      "137": { "start": { "line": 138, "column": 0 }, "end": { "line": 138, "column": 32 } },
      "138": { "start": { "line": 139, "column": 0 }, "end": { "line": 139, "column": 20 } }
    },
    "s": { "133": 1, "134": 1, "135": 1, "136": 1, "137": 1, "138": 1 },
    "branchMap": {
      "0": {
        "type": "branch",
        "line": 134,
        "loc": { "start": { "line": 134, "column": 7 }, "end": { "line": 134, "column": 29 } },
        "locations": [
          { "start": { "line": 134, "column": 7 }, "end": { "line": 134, "column": 29 } }
        ]
      }
    },
    "b": { "0": [3] },
    "fnMap": {},
    "f": {}
  }
}
